[2021-03-02T21:12:56.022-0500] [Payara 5.2021.1] [INFO] [NCLS-LOGGING-00009] [javax.enterprise.logging] [tid: _ThreadID=31 _ThreadName=RunLevelControllerThread-1614737575935] [timeMillis: 1614737576022] [levelValue: 800] [[
  Running Payara Version: Payara Server  5.2021.1 #badassfish (build 2818)]]

[2021-03-02T21:12:56.028-0500] [Payara 5.2021.1] [INFO] [NCLS-LOGGING-00010] [javax.enterprise.logging] [tid: _ThreadID=31 _ThreadName=RunLevelControllerThread-1614737575935] [timeMillis: 1614737576028] [levelValue: 800] [[
  Server log file is using Formatter class: com.sun.enterprise.server.logging.ODLLogFormatter]]

[2021-03-02T21:12:56.304-0500] [Payara 5.2021.1] [INFO] [] [org.hibernate.validator.internal.util.Version] [tid: _ThreadID=30 _ThreadName=RunLevelControllerThread-1614737575933] [timeMillis: 1614737576304] [levelValue: 800] [[
  HV000001: Hibernate Validator 6.1.5.Final]]

[2021-03-02T21:12:56.936-0500] [Payara 5.2021.1] [INFO] [] [org.glassfish.ha.store.spi.BackingStoreFactoryRegistry] [tid: _ThreadID=31 _ThreadName=RunLevelControllerThread-1614737575935] [timeMillis: 1614737576936] [levelValue: 800] [[
  Registered fish.payara.ha.hazelcast.store.HazelcastBackingStoreFactoryProxy for persistence-type = hazelcast in BackingStoreFactoryRegistry]]

[2021-03-02T21:13:01.334-0500] [Payara 5.2021.1] [INFO] [] [fish.payara.nucleus.hazelcast.HazelcastCore] [tid: _ThreadID=30 _ThreadName=RunLevelControllerThread-1614737575933] [timeMillis: 1614737581334] [levelValue: 800] [[
  Hazelcast Instance Bound to JNDI at payara/Hazelcast]]

[2021-03-02T21:13:01.334-0500] [Payara 5.2021.1] [INFO] [] [fish.payara.nucleus.hazelcast.HazelcastCore] [tid: _ThreadID=30 _ThreadName=RunLevelControllerThread-1614737575933] [timeMillis: 1614737581334] [levelValue: 800] [[
  JSR107 Caching Provider Bound to JNDI at payara/CachingProvider]]

[2021-03-02T21:13:01.334-0500] [Payara 5.2021.1] [INFO] [] [fish.payara.nucleus.hazelcast.HazelcastCore] [tid: _ThreadID=30 _ThreadName=RunLevelControllerThread-1614737575933] [timeMillis: 1614737581334] [levelValue: 800] [[
  JSR107 Default Cache Manager Bound to JNDI at payara/CacheManager]]

[2021-03-02T21:13:01.480-0500] [Payara 5.2021.1] [INFO] [NCLS-CORE-00101] [javax.enterprise.system.core] [tid: _ThreadID=33 _ThreadName=RunLevelControllerThread-1614737575940] [timeMillis: 1614737581480] [levelValue: 800] [[
  Network Listener http-listener-1 started in: 6ms - bound to [/0.0.0.0:8080]]]

[2021-03-02T21:13:01.907-0500] [Payara 5.2021.1] [INFO] [NCLS-CORE-00101] [javax.enterprise.system.core] [tid: _ThreadID=33 _ThreadName=RunLevelControllerThread-1614737575940] [timeMillis: 1614737581907] [levelValue: 800] [[
  Network Listener http-listener-2 started in: 2ms - bound to [/0.0.0.0:8181]]]

[2021-03-02T21:13:01.920-0500] [Payara 5.2021.1] [INFO] [NCLS-CORE-00101] [javax.enterprise.system.core] [tid: _ThreadID=33 _ThreadName=RunLevelControllerThread-1614737575940] [timeMillis: 1614737581920] [levelValue: 800] [[
  Network Listener admin-listener started in: 1ms - bound to [/0.0.0.0:4848]]]

[2021-03-02T21:13:01.922-0500] [Payara 5.2021.1] [INFO] [NCLS-CORE-00087] [javax.enterprise.system.core] [tid: _ThreadID=33 _ThreadName=RunLevelControllerThread-1614737575940] [timeMillis: 1614737581922] [levelValue: 800] [[
  Grizzly 2.4.4 started in: 5167ms - bound to [http-listener-1:8080, http-listener-2:8181, admin-listener:4848]]]

[2021-03-02T21:13:02.020-0500] [Payara 5.2021.1] [INFO] [NCLS-CORE-00101] [javax.enterprise.system.core] [tid: _ThreadID=31 _ThreadName=RunLevelControllerThread-1614737575935] [timeMillis: 1614737582020] [levelValue: 800] [[
  Network Listener iiop-service started in: 1ms - bound to [/0.0.0.0:3700]]]

[2021-03-02T21:13:02.078-0500] [Payara 5.2021.1] [INFO] [NCLS-CORE-00017] [javax.enterprise.system.core] [tid: _ThreadID=1 _ThreadName=main] [timeMillis: 1614737582078] [levelValue: 800] [[
  Payara Server  5.2021.1 #badassfish (2818) startup time : Felix (3699ms), startup services(6150ms), total(9849ms)]]

[2021-03-02T21:13:02.079-0500] [Payara 5.2021.1] [INFO] [] [fish.payara.nucleus.cluster.PayaraCluster] [tid: _ThreadID=125 _ThreadName=Executor-Service-6] [timeMillis: 1614737582079] [levelValue: 800] [[
  Data Grid Status 
Payara Data Grid State: DG Version: 4 DG Name: development DG Size: 1
Instances: {
 DataGrid: development Name: server Lite: false This: true UUID: 3ed4181a-30da-4a64-8043-1a01109b0c40 Address: /192.168.1.114:4900
}]]

[2021-03-02T21:13:02.088-0500] [Payara 5.2021.1] [INFO] [] [fish.payara.nucleus.notification.NotificationService] [tid: _ThreadID=1 _ThreadName=main] [timeMillis: 1614737582088] [levelValue: 800] [[
  Payara Notification Service bootstrapped.]]

[2021-03-02T21:13:02.093-0500] [Payara 5.2021.1] [INFO] [] [monitoring-console-core] [tid: _ThreadID=1 _ThreadName=main] [timeMillis: 1614737582093] [levelValue: 800] [[
  Bootstrapping Monitoring Console Runtime]]

[2021-03-02T21:13:02.124-0500] [Payara 5.2021.1] [INFO] [] [monitoring-console-core] [tid: _ThreadID=1 _ThreadName=main] [timeMillis: 1614737582124] [levelValue: 800] [[
  Starting monitoring data collection for server]]

[2021-03-02T21:13:02.125-0500] [Payara 5.2021.1] [INFO] [] [monitoring-console-core] [tid: _ThreadID=1 _ThreadName=main] [timeMillis: 1614737582125] [levelValue: 800] [[
  Starting monitoring watch collection for server]]

[2021-03-02T21:13:02.310-0500] [Payara 5.2021.1] [INFO] [NCLS-JMX-00005] [javax.enterprise.system.jmx] [tid: _ThreadID=157 _ThreadName=Thread-17] [timeMillis: 1614737582310] [levelValue: 800] [[
  JMXStartupService has started JMXConnector on JMXService URL service:jmx:rmi://0.0.0.0:8686/jndi/rmi://0.0.0.0:8686/jmxrmi]]

[2021-03-02T21:13:02.345-0500] [Payara 5.2021.1] [INFO] [NCLS-CORE-00101] [javax.enterprise.system.core] [tid: _ThreadID=30 _ThreadName=RunLevelControllerThread-1614737575933] [timeMillis: 1614737582345] [levelValue: 800] [[
  Network Listener JMS_PROXY_default_JMS_host started in: 3ms - bound to [/0.0.0.0:7676]]]

[2021-03-02T21:13:02.589-0500] [Payara 5.2021.1] [INFO] [] [org.jvnet.hk2.osgiadapter] [tid: _ThreadID=21 _ThreadName=FelixStartLevel] [timeMillis: 1614737582589] [levelValue: 800] [[
  Skipping registration of inhabitant for service reference [org.osgi.service.metatype.MetaTypeProvider] as the service object could not be obtained.]]

[2021-03-02T21:13:06.420-0500] [Payara 5.2021.1] [SEVERE] [AS-DEPLOYMENT-00026] [javax.enterprise.system.tools.deployment.dol] [tid: _ThreadID=145 _ThreadName=admin-thread-pool::admin-listener(2)] [timeMillis: 1614737586420] [levelValue: 1000] [[
  JNDI lookup failed for the resource: Name: ChatDomain, Lookup: jdbc/cs594, Type: javax.sql.DataSource.]]

[2021-03-02T21:13:06.425-0500] [Payara 5.2021.1] [SEVERE] [] [javax.enterprise.system.core] [tid: _ThreadID=145 _ThreadName=admin-thread-pool::admin-listener(2)] [timeMillis: 1614737586425] [levelValue: 1000] [[
  JNDI lookup failed for the resource: Name: [ChatDomain], Lookup: [jdbc/cs594], Type: [javax.sql.DataSource] -- Lookup failed for 'jdbc/cs594' in SerialContext[myEnv={java.naming.factory.initial=com.sun.enterprise.naming.impl.SerialInitContextFactory, java.naming.factory.state=com.sun.corba.ee.impl.presentation.rmi.JNDIStateFactoryImpl, java.naming.factory.url.pkgs=com.sun.enterprise.naming}]]

[2021-03-02T21:20:27.599-0500] [Payara 5.2021.1] [INFO] [NCLS-CORE-00092] [javax.enterprise.system.core] [tid: _ThreadID=207 _ThreadName=Thread-34] [timeMillis: 1614738027599] [levelValue: 800] [[
  Server shutdown initiated]]

[2021-03-02T21:20:27.607-0500] [Payara 5.2021.1] [INFO] [] [] [tid: _ThreadID=207 _ThreadName=Thread-34] [timeMillis: 1614738027607] [levelValue: 800] [[
  FileMonitoring shutdown]]

[2021-03-02T21:20:27.625-0500] [Payara 5.2021.1] [INFO] [NCLS-JMX-00002] [javax.enterprise.system.jmx] [tid: _ThreadID=207 _ThreadName=Thread-34] [timeMillis: 1614738027625] [levelValue: 800] [[
  JMXStartupService: Stopped JMXConnectorServer: null]]

[2021-03-02T21:20:27.626-0500] [Payara 5.2021.1] [INFO] [NCLS-JMX-00001] [javax.enterprise.system.jmx] [tid: _ThreadID=207 _ThreadName=Thread-34] [timeMillis: 1614738027626] [levelValue: 800] [[
  JMXStartupService and JMXConnectors have been shut down.]]

[2021-03-02T21:20:27.693-0500] [Payara 5.2021.1] [INFO] [] [fish.payara.nucleus.hazelcast.HazelcastCore] [tid: _ThreadID=212 _ThreadName=RunLevelControllerThread-1614738027675] [timeMillis: 1614738027693] [levelValue: 800] [[
  Hazelcast Instance Unbound from JNDI at payara/Hazelcast]]

[2021-03-02T21:20:27.694-0500] [Payara 5.2021.1] [INFO] [] [fish.payara.nucleus.hazelcast.HazelcastCore] [tid: _ThreadID=212 _ThreadName=RunLevelControllerThread-1614738027675] [timeMillis: 1614738027694] [levelValue: 800] [[
  JSR107 Caching Provider Unbound from JNDI at payara/CachingProvider]]

[2021-03-02T21:20:27.694-0500] [Payara 5.2021.1] [INFO] [] [fish.payara.nucleus.hazelcast.HazelcastCore] [tid: _ThreadID=212 _ThreadName=RunLevelControllerThread-1614738027675] [timeMillis: 1614738027694] [levelValue: 800] [[
  JSR107 Cache Manager Unbound from JNDI at payara/CacheManager]]

[2021-03-02T21:20:27.726-0500] [Payara 5.2021.1] [INFO] [] [fish.payara.nucleus.hazelcast.HazelcastCore] [tid: _ThreadID=212 _ThreadName=RunLevelControllerThread-1614738027675] [timeMillis: 1614738027726] [levelValue: 800] [[
  Shutdown Hazelcast]]

[2021-03-02T21:20:27.741-0500] [Payara 5.2021.1] [INFO] [] [] [tid: _ThreadID=212 _ThreadName=RunLevelControllerThread-1614738027675] [timeMillis: 1614738027741] [levelValue: 800] [[
  JdbcRuntimeExtension,  getAllSystemRAResourcesAndPools = [GlassFishConfigBean.org.glassfish.jdbc.config.JdbcResource, GlassFishConfigBean.org.glassfish.jdbc.config.JdbcResource, GlassFishConfigBean.org.glassfish.jdbc.config.JdbcConnectionPool, GlassFishConfigBean.org.glassfish.jdbc.config.JdbcConnectionPool]]]

